<?xml version="1.0" encoding="UTF-8"?>
<!-- Generated by org.testng.reporters.JUnitXMLReporter -->
<testsuite hostname="DESKTOP-O6DBGU6" name="Default test" tests="3" failures="0" timestamp="9 Dec 2016 18:25:54 GMT" time="0.037" errors="0">
  <testcase name="loginTest" time="0.014" classname="com.khasim.AppTest"/>
  <testcase name="logoutTests" time="0.001" classname="com.khasim.AppTest"/>
  <testcase name="registrationTest" time="0.001" classname="com.khasim.AppTest"/>
</testsuite> <!-- Default test -->
