<?xml version="1.0" encoding="UTF-8"?>
<testng-results skipped="0" failed="0" total="3" passed="3">
  <reporter-output>
  </reporter-output>
  <suite name="com.khasim.AppTest" duration-ms="32" started-at="2016-12-09T18:29:50Z" finished-at="2016-12-09T18:29:50Z">
    <groups>
    </groups>
    <test name="Command line test" duration-ms="32" started-at="2016-12-09T18:29:50Z" finished-at="2016-12-09T18:29:50Z">
      <class name="com.khasim.AppTest">
        <test-method status="PASS" signature="loginTest()[pri:0, instance:com.khasim.AppTest@7d417077]" name="loginTest" duration-ms="13" started-at="2016-12-09T23:59:50Z" finished-at="2016-12-09T23:59:50Z">
          <reporter-output>
          </reporter-output>
        </test-method> <!-- loginTest -->
        <test-method status="PASS" signature="logoutTests()[pri:0, instance:com.khasim.AppTest@7d417077]" name="logoutTests" duration-ms="1" started-at="2016-12-09T23:59:50Z" finished-at="2016-12-09T23:59:50Z">
          <reporter-output>
          </reporter-output>
        </test-method> <!-- logoutTests -->
        <test-method status="PASS" signature="registrationTest()[pri:0, instance:com.khasim.AppTest@7d417077]" name="registrationTest" duration-ms="1" started-at="2016-12-09T23:59:50Z" finished-at="2016-12-09T23:59:50Z">
          <reporter-output>
          </reporter-output>
        </test-method> <!-- registrationTest -->
      </class> <!-- com.khasim.AppTest -->
    </test> <!-- Command line test -->
  </suite> <!-- com.khasim.AppTest -->
</testng-results>
